secure/simul_efun.c loaded: 2 functions
Loading /tests/test-001.c -> *stack overflow
Loading /tests/test-002.c -> *stack overflow
Loading /tests/test-003.c -> Ok.
Loading /tests/test-004.c -> Ok.
Loading /tests/test-005.c -> Ok.
Loading /tests/test-006.c -> *Illegal throw.
Loading /tests/test-007.c -> Ok.
Loading /tests/test-008.c -> Ok.
Loading /tests/test-009.c -> Ok.
Loading /tests/test-010.c -> Ok.
Loading /tests/test-011.c -> *too many alarms in object
Loading /tests/test-012.c -> /tests/test-012.c: redefinition of variable 'i' line 7
/tests/test-012.c: Type mismatch ( int * vs int ) when initializing i line 7
*Error in loading object
Loading /tests/test-013.c -> eval_cost too big 5000001 (/tests/test-013.c Line: 9)
*Too long evaluation. Execution aborted.
Loading /tests/test-014.c -> Ok.
Loading /tests/test-015.c -> Ok.
Loading /tests/test-016.c -> Ok.
Loading /tests/test-017.c -> Ok.
Loading /tests/test-018.c -> /tests/test-018.c: Function watchmecrashthisdriverwithareallyreallyreallyreallyreallreallyreallyreallyreallyreallyreallyreallyreallyreallreallylongfunctionnameohitneedstobereallyreallyreallylongofcoursebutIcandoityesicanithinkicanithinkicaniknowicaniknowcanhahahahahabutthisisreallyboringsozzzzzzzzzzzzzzzzzzzzzzzzzzzzzzzzzzzzzzzzzzzzzzzzzzzzzzzzzzzzzzzzzzzzzzzzzzzzzzzzzzzzzzzzzzzzzzzzzzzzzzzzzzzzzzzzzzzzzzzzzzzzzzzzzzzzzzzzzzzzzzzzzzzzzzzzzzzzzzzzzzzzzzzzzzzzzzzzzzzzzzzzzzzzzzzzzzzzzzzzzzzzzzzzzzzzzzzzzzzzzzzzzzzz line 9
*Error in loading object
Loading /tests/test-019.c -> /tests/test-019.c: redefinition of variable 'vic' line 11
/tests/test-019.c: Incorrect number of arguments line 11
/tests/test-019.c: Incorrect number of arguments line 13
/tests/test-019.c: Function touch_me declared but never defined line 14
*Error in loading object
Loading /tests/test-020.c -> Ok.
Loading /tests/test-021.c -> Ok.
Loading /tests/test-022.c -> Ok.
Loading /tests/test-023.c -> *Attempt to write empty string.
Loading /tests/test-024.c -> Ok.
Loading /tests/test-025.c -> Ok.
Loading /tests/test-026.c -> Ok.
Loading /tests/test-027.c -> *Too deep recursion
Loading /tests/test-029.c -> strlen() of [just a string
] is 14. When ANSI_COLOR is defined, we expect 14. When not defined, we expect 14.
strlen() of [[31mRed Tacos[0Forgot to close the normalizer sequence.[0m
] is 62. When ANSI_COLOR is defined, we expect 26. When not defined, we expect 62.
strlen() of [[31mRed Tacos[0m [38;5;208mOrange Tacos[0m
] is 47. When ANSI_COLOR is defined, we expect 23. When not defined, we expect 47.
strlen() of [0] is 0. When ANSI_COLOR is defined, we expect 0. When not defined, we expect 0.
strlen() of [] is 0. When ANSI_COLOR is defined, we expect 0. When not defined, we expect 0.
break_string() example 1: Equal to ANSI expected. Equal to non-ANSI expected.
break_string() example 2: Not equal to ANSI expected. Equal to non-ANSI expected.
break_string() example 3: Equal to ANSI expected. Equal to non-ANSI expected.
break_string() example 4: Equal to ANSI expected. Equal to non-ANSI expected.
Ok.
Setting up ipc.
Listening to telnet port: 0.0.0.0:3011
Listening to telnet port: :::3011
Shutting down ipc...
exec of hname failed.
