secure/simul_efun.c loaded: 2 functions
Loading /tests/test-001.c -> *stack overflow
Loading /tests/test-002.c -> *stack overflow
Loading /tests/test-003.c -> Ok.
Loading /tests/test-004.c -> Ok.
Loading /tests/test-005.c -> Ok.
Loading /tests/test-006.c -> *Illegal throw.
Loading /tests/test-007.c -> Ok.
Loading /tests/test-008.c -> Ok.
Loading /tests/test-009.c -> Ok.
Loading /tests/test-010.c -> Ok.
Loading /tests/test-011.c -> *too many alarms in object
Loading /tests/test-012.c -> /tests/test-012.c: redefinition of variable 'i' line 7
/tests/test-012.c: Type mismatch ( int * vs int ) when initializing i line 7
*Error in loading object
Loading /tests/test-013.c -> *Too long evaluation. Execution aborted.
Loading /tests/test-014.c -> Ok.
Loading /tests/test-015.c -> Ok.
Loading /tests/test-016.c -> Ok.
Loading /tests/test-017.c -> Ok.
Loading /tests/test-018.c -> /tests/test-018.c: Function watchmecrashthisdriverwithareallyreallyreallyreallyreallreallyreallyreallyreallyreallyreallyreallyreallyreallreallylongfunctionnameohitneedstobereallyreallyreallylongofcoursebutIcandoityesicanithinkicanithinkicaniknowicaniknowcanhahahahahabutthisisreallyboringsozzzzzzzzzzzzzzzzzzzzzzzzzzzzzzzzzzzzzzzzzzzzzzzzzzzzzzzzzzzzzzzzzzzzzzzzzzzzzzzzzzzzzzzzzzzzzzzzzzzzzzzzzzzzzzzzzzzzzzzzzzzzzzzzzzzzzzzzzzzzzzzzzzzzzzzzzzzzzzzzzzzzzzzzzzzzzzzzzzzzzzzzzzzzzzzzzzzzzzzzzzzzzzzzzzzzzzzzzzzzzzzzzzzz line 9
*Error in loading object
Loading /tests/test-019.c -> /tests/test-019.c: redefinition of variable 'vic' line 11
/tests/test-019.c: Incorrect number of arguments line 11
/tests/test-019.c: Incorrect number of arguments line 13
/tests/test-019.c: Function touch_me declared but never defined line 14
*Error in loading object
Loading /tests/test-020.c -> Ok.
Loading /tests/test-021.c -> Ok.
Loading /tests/test-022.c -> Ok.
Loading /tests/test-023.c -> *Bad argument 3 to write_bytes(), received type was Integer 
Loading /tests/test-024.c -> Ok.
Loading /tests/test-025.c -> Ok.
Loading /tests/test-026.c -> Ok.
Loading /tests/test-027.c -> *Too deep recursion
Loading /tests/test-028.c -> Ok.
Loading /tests/test-030.c -> program ref's 1
Name tests/test-030.c
program size 2782079
num func's 1 (80) 
sizeof rodata 31
num vars 0 (0)
num inherits 2 (48)
total size 304
Huge program size Ok.
Loading /tests/test-explode.c -> Ok.
exec of hname failed.
